<?xml version="1.0" encoding="UTF-8"?>
<!-- Generated by org.testng.reporters.JUnitXMLReporter -->
<testsuite hostname="Kamath-PC" ignored="0" name="Default test" tests="4" failures="0" timestamp="2022-01-29T16:38:29 IST" time="126.58" errors="0">
  <testcase name="countTotalFlightsTest" time="4.088" classname="com.qa.test.flightResultTest"/>
  <testcase name="countFilteredFlightsTest" time="12.312" classname="com.qa.test.flightResultTest"/>
  <testcase name="selectRandomFlightsTest" time="36.367" classname="com.qa.test.flightResultTest"/>
  <testcase name="checkTotalPriceTest" time="5.702" classname="com.qa.test.flightResultTest"/>
</testsuite> <!-- Default test -->
