<?xml version="1.0" encoding="UTF-8"?>
<!-- Generated by org.testng.reporters.JUnitXMLReporter -->
<testsuite hostname="Kamath-PC" ignored="0" name="Coding challenge test" tests="5" failures="0" timestamp="2022-01-27T15:27:31 IST" time="280.923" errors="0">
  <testcase name="searchAreaTest" time="31.861" classname="com.qa.test.searchPageTest"/>
  <testcase name="diplayAllPriceTest" time="19.365" classname="com.qa.test.propertyPageTest"/>
  <testcase name="displayAgentTest" time="0.026" classname="com.qa.test.propertyInfoPageTest"/>
  <testcase name="clickAgentLogo" time="10.947" classname="com.qa.test.propertyInfoPageTest"/>
  <testcase name="agentnameTest" time="43.939" classname="com.qa.test.agentInfoPageTest"/>
</testsuite> <!-- Coding challenge test -->
